<?xml version="1.0" encoding="UTF-8"?>
<testng-results ignored="0" total="1" passed="1" failed="0" skipped="0">
  <reporter-output>
  </reporter-output>
  <suite started-at="2024-09-30T09:06:53 IST" name="Default suite" finished-at="2024-09-30T09:08:02 IST" duration-ms="69123">
    <groups>
    </groups>
    <test started-at="2024-09-30T09:06:53 IST" name="Default test" finished-at="2024-09-30T09:08:02 IST" duration-ms="69123">
      <class name="com.qa.test.saucedemotest">
        <test-method is-config="true" signature="loadurl()[pri:0, instance:com.qa.test.saucedemotest@7dcf94f8]" started-at="2024-09-30T09:06:53 IST" name="loadurl" finished-at="2024-09-30T09:07:36 IST" duration-ms="43086" status="PASS">
          <reporter-output>
          </reporter-output>
        </test-method> <!-- loadurl -->
        <test-method signature="logintest()[pri:0, instance:com.qa.test.saucedemotest@7dcf94f8]" started-at="2024-09-30T09:07:36 IST" name="logintest" finished-at="2024-09-30T09:08:02 IST" duration-ms="25972" status="PASS">
          <reporter-output>
          </reporter-output>
        </test-method> <!-- logintest -->
      </class> <!-- com.qa.test.saucedemotest -->
    </test> <!-- Default test -->
  </suite> <!-- Default suite -->
</testng-results>
